TN:
SF:/Users/amulya/Desktop/emailValidator/fakeEmailFinder.js
FN:11,(anonymous_0)
FN:25,(anonymous_1)
FN:31,(anonymous_2)
FN:32,(anonymous_3)
FN:55,(anonymous_4)
FN:57,(anonymous_5)
FN:64,(anonymous_6)
FN:68,(anonymous_7)
FN:73,(anonymous_8)
FN:74,(anonymous_9)
FN:85,(anonymous_10)
FN:90,(anonymous_11)
FN:97,(anonymous_12)
FN:119,(anonymous_13)
FN:143,(anonymous_14)
FN:151,(anonymous_15)
FNF:16
FNH:12
FNDA:4,(anonymous_0)
FNDA:5,(anonymous_1)
FNDA:4,(anonymous_2)
FNDA:4,(anonymous_3)
FNDA:3,(anonymous_4)
FNDA:3,(anonymous_5)
FNDA:0,(anonymous_6)
FNDA:1,(anonymous_7)
FNDA:3,(anonymous_8)
FNDA:11,(anonymous_9)
FNDA:0,(anonymous_10)
FNDA:0,(anonymous_11)
FNDA:12,(anonymous_12)
FNDA:1,(anonymous_13)
FNDA:1,(anonymous_14)
FNDA:0,(anonymous_15)
DA:3,1
DA:4,1
DA:11,1
DA:12,4
DA:14,4
DA:15,1
DA:17,4
DA:25,1
DA:27,5
DA:28,1
DA:30,4
DA:31,4
DA:32,4
DA:33,4
DA:34,0
DA:36,4
DA:41,4
DA:42,4
DA:55,1
DA:57,3
DA:58,3
DA:59,3
DA:60,3
DA:61,3
DA:62,3
DA:64,3
DA:65,0
DA:68,3
DA:69,1
DA:70,1
DA:73,3
DA:74,3
DA:75,11
DA:76,9
DA:77,9
DA:78,9
DA:80,2
DA:81,2
DA:82,2
DA:85,3
DA:86,0
DA:87,0
DA:88,0
DA:90,3
DA:91,0
DA:92,0
DA:93,0
DA:97,3
DA:98,12
DA:99,11
DA:100,1
DA:101,1
DA:103,0
DA:108,3
DA:109,2
DA:119,1
DA:120,1
DA:121,0
DA:122,1
DA:123,0
DA:124,1
DA:125,0
DA:127,1
DA:128,1
DA:129,1
DA:130,1
DA:132,0
DA:143,1
DA:145,1
DA:146,1
DA:147,0
DA:148,0
DA:151,0
DA:152,0
DA:153,0
DA:154,0
DA:155,0
DA:157,0
DA:158,0
DA:161,0
DA:162,0
DA:166,1
LF:82
LH:58
BRDA:14,0,0,1
BRDA:14,0,1,3
BRDA:14,1,0,4
BRDA:14,1,1,4
BRDA:27,2,0,1
BRDA:27,2,1,4
BRDA:27,3,0,5
BRDA:27,3,1,4
BRDA:33,4,0,0
BRDA:33,4,1,4
BRDA:33,5,0,4
BRDA:33,5,1,4
BRDA:75,6,0,9
BRDA:75,6,1,2
BRDA:98,7,0,11
BRDA:98,7,1,1
BRDA:98,8,0,12
BRDA:98,8,1,9
BRDA:98,8,2,1
BRDA:98,8,3,1
BRDA:100,9,0,1
BRDA:100,9,1,0
BRDA:100,10,0,1
BRDA:100,10,1,0
BRDA:120,11,0,0
BRDA:120,11,1,1
BRDA:120,12,0,1
BRDA:120,12,1,1
BRDA:120,12,2,1
BRDA:122,13,0,0
BRDA:122,13,1,1
BRDA:122,14,0,1
BRDA:122,14,1,1
BRDA:122,14,2,1
BRDA:124,15,0,0
BRDA:124,15,1,1
BRDA:124,16,0,1
BRDA:124,16,1,1
BRDA:145,17,0,1
BRDA:145,17,1,0
BRDA:145,18,0,1
BRDA:145,18,1,0
BRDA:147,19,0,0
BRDA:147,19,1,0
BRDA:152,20,0,0
BRDA:152,20,1,0
BRDA:154,21,0,0
BRDA:154,21,1,0
BRF:48
BRH:34
end_of_record
TN:
SF:/Users/amulya/Desktop/emailValidator/fakeEmailFinder.spec.js
FN:8,(anonymous_0)
FN:10,(anonymous_1)
FN:11,(anonymous_2)
FN:15,(anonymous_3)
FN:21,(anonymous_4)
FN:28,(anonymous_5)
FN:29,(anonymous_6)
FN:33,(anonymous_7)
FN:35,(anonymous_8)
FN:38,(anonymous_9)
FN:45,(anonymous_10)
FN:46,(anonymous_11)
FN:50,(anonymous_12)
FN:58,(anonymous_13)
FN:67,(anonymous_14)
FN:68,(anonymous_15)
FN:72,(anonymous_16)
FN:81,(anonymous_17)
FN:82,(anonymous_18)
FN:86,(anonymous_19)
FNF:20
FNH:20
FNDA:1,(anonymous_0)
FNDA:1,(anonymous_1)
FNDA:1,(anonymous_2)
FNDA:1,(anonymous_3)
FNDA:1,(anonymous_4)
FNDA:1,(anonymous_5)
FNDA:1,(anonymous_6)
FNDA:1,(anonymous_7)
FNDA:1,(anonymous_8)
FNDA:1,(anonymous_9)
FNDA:1,(anonymous_10)
FNDA:1,(anonymous_11)
FNDA:1,(anonymous_12)
FNDA:1,(anonymous_13)
FNDA:1,(anonymous_14)
FNDA:1,(anonymous_15)
FNDA:1,(anonymous_16)
FNDA:1,(anonymous_17)
FNDA:1,(anonymous_18)
FNDA:1,(anonymous_19)
DA:3,1
DA:4,1
DA:5,1
DA:8,1
DA:10,1
DA:11,1
DA:12,1
DA:15,1
DA:16,1
DA:17,1
DA:18,1
DA:21,1
DA:22,1
DA:23,1
DA:24,1
DA:28,1
DA:29,1
DA:30,1
DA:33,1
DA:34,1
DA:35,1
DA:38,1
DA:39,1
DA:40,1
DA:41,1
DA:45,1
DA:46,1
DA:47,1
DA:50,1
DA:51,1
DA:52,1
DA:53,1
DA:54,1
DA:55,1
DA:58,1
DA:59,1
DA:60,1
DA:61,1
DA:62,1
DA:63,0
DA:67,1
DA:68,1
DA:69,1
DA:72,1
DA:73,1
DA:74,1
DA:75,1
DA:76,1
DA:77,1
DA:81,1
DA:82,1
DA:83,1
DA:86,1
DA:87,1
DA:88,1
DA:89,1
DA:90,1
DA:91,1
LF:58
LH:57
BRF:0
BRH:0
end_of_record
