TN:
SF:/Users/amulya/Desktop/fakemailfilter/fakeMailFilter.js
FN:11,(anonymous_0)
FN:25,(anonymous_1)
FN:31,(anonymous_2)
FN:32,(anonymous_3)
FN:55,(anonymous_4)
FN:57,(anonymous_5)
FN:64,(anonymous_6)
FN:68,(anonymous_7)
FN:73,(anonymous_8)
FN:74,(anonymous_9)
FN:85,(anonymous_10)
FN:90,(anonymous_11)
FN:97,(anonymous_12)
FN:119,(anonymous_13)
FN:159,(anonymous_14)
FN:175,(anonymous_15)
FNF:16
FNH:10
FNDA:4,(anonymous_0)
FNDA:5,(anonymous_1)
FNDA:4,(anonymous_2)
FNDA:4,(anonymous_3)
FNDA:3,(anonymous_4)
FNDA:3,(anonymous_5)
FNDA:0,(anonymous_6)
FNDA:0,(anonymous_7)
FNDA:3,(anonymous_8)
FNDA:0,(anonymous_9)
FNDA:0,(anonymous_10)
FNDA:3,(anonymous_11)
FNDA:0,(anonymous_12)
FNDA:1,(anonymous_13)
FNDA:1,(anonymous_14)
FNDA:0,(anonymous_15)
DA:3,1
DA:4,1
DA:11,1
DA:12,4
DA:14,4
DA:15,1
DA:17,4
DA:25,1
DA:27,5
DA:28,1
DA:30,4
DA:31,4
DA:32,4
DA:33,4
DA:34,0
DA:36,4
DA:41,4
DA:42,4
DA:55,1
DA:57,3
DA:58,3
DA:59,3
DA:60,3
DA:61,3
DA:62,3
DA:64,3
DA:65,0
DA:68,3
DA:69,0
DA:70,0
DA:73,3
DA:74,3
DA:75,0
DA:76,0
DA:77,0
DA:78,0
DA:80,0
DA:81,0
DA:82,0
DA:85,3
DA:86,0
DA:87,0
DA:88,0
DA:90,3
DA:91,3
DA:92,3
DA:93,3
DA:97,3
DA:98,0
DA:99,0
DA:100,0
DA:101,0
DA:103,0
DA:108,3
DA:109,0
DA:119,1
DA:120,1
DA:121,0
DA:126,1
DA:127,0
DA:128,1
DA:129,0
DA:135,1
DA:136,1
DA:137,1
DA:138,0
DA:144,1
DA:159,1
DA:161,1
DA:162,1
DA:167,0
DA:168,0
DA:175,0
DA:176,0
DA:177,0
DA:182,0
DA:183,0
DA:189,0
DA:190,0
DA:193,0
DA:194,0
DA:198,1
LF:82
LH:47
BRDA:14,0,0,1
BRDA:14,0,1,3
BRDA:14,1,0,4
BRDA:14,1,1,4
BRDA:27,2,0,1
BRDA:27,2,1,4
BRDA:27,3,0,5
BRDA:27,3,1,4
BRDA:33,4,0,0
BRDA:33,4,1,4
BRDA:33,5,0,4
BRDA:33,5,1,4
BRDA:75,6,0,0
BRDA:75,6,1,0
BRDA:98,7,0,0
BRDA:98,7,1,0
BRDA:98,8,0,0
BRDA:98,8,1,0
BRDA:98,8,2,0
BRDA:98,8,3,0
BRDA:100,9,0,0
BRDA:100,9,1,0
BRDA:100,10,0,0
BRDA:100,10,1,0
BRDA:120,11,0,0
BRDA:120,11,1,1
BRDA:120,12,0,1
BRDA:120,12,1,1
BRDA:120,12,2,1
BRDA:126,13,0,0
BRDA:126,13,1,1
BRDA:126,14,0,1
BRDA:126,14,1,1
BRDA:126,14,2,1
BRDA:128,15,0,0
BRDA:128,15,1,1
BRDA:128,16,0,1
BRDA:128,16,1,1
BRDA:161,17,0,1
BRDA:161,17,1,0
BRDA:161,18,0,1
BRDA:161,18,1,0
BRDA:167,19,0,0
BRDA:167,19,1,0
BRDA:176,20,0,0
BRDA:176,20,1,0
BRDA:182,21,0,0
BRDA:182,21,1,0
BRF:48
BRH:24
end_of_record
TN:
SF:/Users/amulya/Desktop/fakemailfilter/fakeMailFilter.spec.js
FN:8,(anonymous_0)
FN:10,(anonymous_1)
FN:11,(anonymous_2)
FN:15,(anonymous_3)
FN:21,(anonymous_4)
FN:28,(anonymous_5)
FN:29,(anonymous_6)
FN:33,(anonymous_7)
FN:35,(anonymous_8)
FN:40,(anonymous_9)
FN:47,(anonymous_10)
FN:48,(anonymous_11)
FN:52,(anonymous_12)
FN:60,(anonymous_13)
FN:69,(anonymous_14)
FN:70,(anonymous_15)
FN:74,(anonymous_16)
FN:83,(anonymous_17)
FN:84,(anonymous_18)
FN:88,(anonymous_19)
FNF:20
FNH:20
FNDA:1,(anonymous_0)
FNDA:1,(anonymous_1)
FNDA:1,(anonymous_2)
FNDA:1,(anonymous_3)
FNDA:1,(anonymous_4)
FNDA:1,(anonymous_5)
FNDA:1,(anonymous_6)
FNDA:1,(anonymous_7)
FNDA:1,(anonymous_8)
FNDA:1,(anonymous_9)
FNDA:1,(anonymous_10)
FNDA:1,(anonymous_11)
FNDA:1,(anonymous_12)
FNDA:1,(anonymous_13)
FNDA:1,(anonymous_14)
FNDA:1,(anonymous_15)
FNDA:1,(anonymous_16)
FNDA:1,(anonymous_17)
FNDA:1,(anonymous_18)
FNDA:1,(anonymous_19)
DA:3,1
DA:4,1
DA:5,1
DA:8,1
DA:10,1
DA:11,1
DA:12,1
DA:15,1
DA:16,1
DA:17,1
DA:18,1
DA:21,1
DA:22,1
DA:23,1
DA:24,1
DA:28,1
DA:29,1
DA:30,1
DA:33,1
DA:34,1
DA:35,1
DA:36,1
DA:40,1
DA:41,1
DA:42,1
DA:43,1
DA:47,1
DA:48,1
DA:49,1
DA:52,1
DA:53,1
DA:54,1
DA:55,1
DA:56,1
DA:57,0
DA:60,1
DA:61,1
DA:62,1
DA:63,1
DA:64,1
DA:65,0
DA:69,1
DA:70,1
DA:71,1
DA:74,1
DA:75,1
DA:76,1
DA:77,1
DA:78,1
DA:79,1
DA:83,1
DA:84,1
DA:85,1
DA:88,1
DA:89,1
DA:90,1
DA:91,1
DA:92,1
DA:93,1
LF:59
LH:57
BRF:0
BRH:0
end_of_record
